[ 2016-11-20T00:09:10+08:00 ] 127.0.0.1 /menu/add
INFO: [ app_init ] --START--
INFO: Run Behavior\BuildLiteBehavior [ RunTime:0.000014s ]
INFO: [ app_init ] --END-- [ RunTime:0.000458s ]
INFO: [ app_begin ] --START--
INFO: Run Behavior\ReadHtmlCacheBehavior [ RunTime:0.001127s ]
INFO: [ app_begin ] --END-- [ RunTime:0.001205s ]
INFO: [ action_begin ] --START--
INFO: Run \Common\Behaviors\CheckPermissionBehavior [ RunTime:0.000985s ]
INFO: [ action_begin ] --END-- [ RunTime:0.001038s ]
SQL: SHOW COLUMNS FROM `shop_menu` [ RunTime:0.0240s ]
SQL: SELECT * FROM `shop_menu` ORDER BY lft  [ RunTime:0.0005s ]
SQL: SHOW COLUMNS FROM `shop_permission` [ RunTime:0.0140s ]
SQL: SELECT * FROM `shop_permission` ORDER BY lft  [ RunTime:0.0004s ]
INFO: [ view_parse ] --START--
INFO: [ template_filter ] --START--
INFO: Run Behavior\ContentReplaceBehavior [ RunTime:0.000098s ]
INFO: [ template_filter ] --END-- [ RunTime:0.000143s ]
NOTIC: [8] Undefined variable: goods_row C:\www\admin.shop.com\Application\Runtime\Cache\Admin\31553d7bb41170a30982ff9dddd5d67e.php 第 46 行.
INFO: Run Behavior\ParseTemplateBehavior [ RunTime:0.035603s ]
INFO: [ view_parse ] --END-- [ RunTime:0.035652s ]
INFO: [ view_filter ] --START--
INFO: Run Behavior\WriteHtmlCacheBehavior [ RunTime:0.000393s ]
INFO: [ view_filter ] --END-- [ RunTime:0.000428s ]
INFO: [ app_end ] --START--
INFO: Run Behavior\ShowPageTraceBehavior [ RunTime:0.000751s ]
INFO: [ app_end ] --END-- [ RunTime:0.000801s ]

[ 2016-11-20T00:09:17+08:00 ] 127.0.0.1 /GoodsCategory/index.html
INFO: [ app_init ] --START--
INFO: Run Behavior\BuildLiteBehavior [ RunTime:0.000014s ]
INFO: [ app_init ] --END-- [ RunTime:0.000355s ]
INFO: [ app_begin ] --START--
INFO: Run Behavior\ReadHtmlCacheBehavior [ RunTime:0.000681s ]
INFO: [ app_begin ] --END-- [ RunTime:0.000759s ]
INFO: [ action_begin ] --START--
INFO: Run \Common\Behaviors\CheckPermissionBehavior [ RunTime:0.000807s ]
INFO: [ action_begin ] --END-- [ RunTime:0.000879s ]
SQL: SHOW COLUMNS FROM `shop_goods_category` [ RunTime:0.0217s ]
SQL: SELECT * FROM `shop_goods_category` ORDER BY lft  [ RunTime:0.0019s ]
INFO: [ view_parse ] --START--
INFO: [ template_filter ] --START--
INFO: Run Behavior\ContentReplaceBehavior [ RunTime:0.000056s ]
INFO: [ template_filter ] --END-- [ RunTime:0.000106s ]
NOTIC: [8] Undefined variable: page_html C:\www\admin.shop.com\Application\Runtime\Cache\Admin\26978043757b71012694ea357af27a4f.php 第 43 行.
INFO: Run Behavior\ParseTemplateBehavior [ RunTime:0.058384s ]
INFO: [ view_parse ] --END-- [ RunTime:0.058434s ]
INFO: [ view_filter ] --START--
INFO: Run Behavior\WriteHtmlCacheBehavior [ RunTime:0.000371s ]
INFO: [ view_filter ] --END-- [ RunTime:0.000405s ]
INFO: [ app_end ] --START--
INFO: Run Behavior\ShowPageTraceBehavior [ RunTime:0.000988s ]
INFO: [ app_end ] --END-- [ RunTime:0.001073s ]

[ 2016-11-20T00:09:30+08:00 ] 127.0.0.1 /GoodsCategory/edit/id/14.html
INFO: [ app_init ] --START--
INFO: Run Behavior\BuildLiteBehavior [ RunTime:0.000013s ]
INFO: [ app_init ] --END-- [ RunTime:0.000323s ]
INFO: [ app_begin ] --START--
INFO: Run Behavior\ReadHtmlCacheBehavior [ RunTime:0.000630s ]
INFO: [ app_begin ] --END-- [ RunTime:0.000687s ]
INFO: [ action_begin ] --START--
INFO: Run \Common\Behaviors\CheckPermissionBehavior [ RunTime:0.000836s ]
INFO: [ action_begin ] --END-- [ RunTime:0.000894s ]
SQL: SHOW COLUMNS FROM `shop_goods_category` [ RunTime:0.0233s ]
SQL: SELECT * FROM `shop_goods_category` WHERE `id` = 14 LIMIT 1   [ RunTime:0.0003s ]
SQL: SELECT * FROM `shop_goods_category` ORDER BY lft  [ RunTime:0.0009s ]
INFO: [ view_parse ] --START--
INFO: [ template_filter ] --START--
INFO: Run Behavior\ContentReplaceBehavior [ RunTime:0.000087s ]
INFO: [ template_filter ] --END-- [ RunTime:0.000137s ]
INFO: Run Behavior\ParseTemplateBehavior [ RunTime:0.058900s ]
INFO: [ view_parse ] --END-- [ RunTime:0.058959s ]
INFO: [ view_filter ] --START--
INFO: Run Behavior\WriteHtmlCacheBehavior [ RunTime:0.000295s ]
INFO: [ view_filter ] --END-- [ RunTime:0.000330s ]
INFO: [ app_end ] --START--
INFO: Run Behavior\ShowPageTraceBehavior [ RunTime:0.001155s ]
INFO: [ app_end ] --END-- [ RunTime:0.001234s ]

[ 2016-11-20T00:10:41+08:00 ] 127.0.0.1 /GoodsCategory/remove/id/14.html
INFO: [ app_init ] --START--
INFO: Run Behavior\BuildLiteBehavior [ RunTime:0.000013s ]
INFO: [ app_init ] --END-- [ RunTime:0.000326s ]
INFO: [ app_begin ] --START--
INFO: Run Behavior\ReadHtmlCacheBehavior [ RunTime:0.000532s ]
INFO: [ app_begin ] --END-- [ RunTime:0.000576s ]
INFO: [ action_begin ] --START--
INFO: Run \Common\Behaviors\CheckPermissionBehavior [ RunTime:0.000679s ]
INFO: [ action_begin ] --END-- [ RunTime:0.000727s ]
SQL: SHOW COLUMNS FROM `shop_goods_category` [ RunTime:0.0208s ]
NOTIC: [4096] Argument 2 passed to Admin\Logic\MySQLORM::getRow() must be of the type array, string given, called in C:\www\admin.shop.com\Application\Admin\Logic\NestedSets.class.php on line 572 and defined C:\www\admin.shop.com\Application\Admin\Logic\MySQLORM.class.php 第 93 行.
SQL: SELECT parent_id, lft, rght, level FROM shop_goods_category WHERE id = 14 [ RunTime:0.0004s ]
NOTIC: [2048] Only variables should be passed by reference C:\www\admin.shop.com\Application\Admin\Logic\MySQLORM.class.php 第 98 行.
NOTIC: [4096] Argument 2 passed to Admin\Logic\MySQLORM::query() must be of the type array, string given, called in C:\www\admin.shop.com\Application\Admin\Logic\NestedSets.class.php on line 258 and defined C:\www\admin.shop.com\Application\Admin\Logic\MySQLORM.class.php 第 47 行.
SQL: DELETE FROM shop_goods_category WHERE lft >= 193 AND rght <= 194 [ RunTime:0.0114s ]
NOTIC: [4096] Argument 2 passed to Admin\Logic\MySQLORM::query() must be of the type array, string given, called in C:\www\admin.shop.com\Application\Admin\Logic\NestedSets.class.php on line 278 and defined C:\www\admin.shop.com\Application\Admin\Logic\MySQLORM.class.php 第 47 行.
SQL: UPDATE shop_goods_category SET lft = IF(lft > 193, lft - 2, lft), rght = rght - 2 WHERE rght > 194 [ RunTime:0.0005s ]
INFO: [ view_parse ] --START--
INFO: [ template_filter ] --START--
INFO: Run Behavior\ContentReplaceBehavior [ RunTime:0.000065s ]
INFO: [ template_filter ] --END-- [ RunTime:0.000117s ]
INFO: Run Behavior\ParseTemplateBehavior [ RunTime:0.021992s ]
INFO: [ view_parse ] --END-- [ RunTime:0.022067s ]
INFO: [ view_filter ] --START--
INFO: Run Behavior\WriteHtmlCacheBehavior [ RunTime:0.000365s ]
INFO: [ view_filter ] --END-- [ RunTime:0.000405s ]
INFO: [ app_end ] --START--
INFO: Run Behavior\ShowPageTraceBehavior [ RunTime:0.000596s ]
INFO: [ app_end ] --END-- [ RunTime:0.000636s ]

[ 2016-11-20T00:10:42+08:00 ] 127.0.0.1 /GoodsCategory/index.html
INFO: [ app_init ] --START--
INFO: Run Behavior\BuildLiteBehavior [ RunTime:0.000013s ]
INFO: [ app_init ] --END-- [ RunTime:0.000329s ]
INFO: [ app_begin ] --START--
INFO: Run Behavior\ReadHtmlCacheBehavior [ RunTime:0.000577s ]
INFO: [ app_begin ] --END-- [ RunTime:0.000627s ]
INFO: [ action_begin ] --START--
INFO: Run \Common\Behaviors\CheckPermissionBehavior [ RunTime:0.000748s ]
INFO: [ action_begin ] --END-- [ RunTime:0.000805s ]
SQL: SHOW COLUMNS FROM `shop_goods_category` [ RunTime:0.0251s ]
SQL: SELECT * FROM `shop_goods_category` ORDER BY lft  [ RunTime:0.0014s ]
INFO: [ view_parse ] --START--
INFO: [ template_filter ] --START--
INFO: Run Behavior\ContentReplaceBehavior [ RunTime:0.000059s ]
INFO: [ template_filter ] --END-- [ RunTime:0.000113s ]
NOTIC: [8] Undefined variable: page_html C:\www\admin.shop.com\Application\Runtime\Cache\Admin\26978043757b71012694ea357af27a4f.php 第 43 行.
INFO: Run Behavior\ParseTemplateBehavior [ RunTime:0.017361s ]
INFO: [ view_parse ] --END-- [ RunTime:0.017411s ]
INFO: [ view_filter ] --START--
INFO: Run Behavior\WriteHtmlCacheBehavior [ RunTime:0.000385s ]
INFO: [ view_filter ] --END-- [ RunTime:0.000421s ]
INFO: [ app_end ] --START--
INFO: Run Behavior\ShowPageTraceBehavior [ RunTime:0.001196s ]
INFO: [ app_end ] --END-- [ RunTime:0.001284s ]

