[ 2016-11-17T14:02:43+08:00 ] 127.0.0.1 /menu/add
INFO: [ app_init ] --START--
INFO: Run Behavior\BuildLiteBehavior [ RunTime:0.000013s ]
INFO: [ app_init ] --END-- [ RunTime:0.000373s ]
INFO: [ app_begin ] --START--
INFO: Run Behavior\ReadHtmlCacheBehavior [ RunTime:0.000752s ]
INFO: [ app_begin ] --END-- [ RunTime:0.000811s ]
INFO: [ action_begin ] --START--
SQL: SHOW COLUMNS FROM `shop_admin` [ RunTime:0.0553s ]
SQL: SELECT * FROM `shop_admin` WHERE `id` = 4 AND `token` = 'bVqbKvBNTQIOJgOwMyliMAozQwEvPGSj' LIMIT 1   [ RunTime:0.0067s ]

[ 2016-11-17T14:02:43+08:00 ] 127.0.0.1 /Admin/login.html
INFO: [ app_init ] --START--
INFO: Run Behavior\BuildLiteBehavior [ RunTime:0.000015s ]
INFO: [ app_init ] --END-- [ RunTime:0.000521s ]
INFO: [ app_begin ] --START--
INFO: Run Behavior\ReadHtmlCacheBehavior [ RunTime:0.000570s ]
INFO: [ app_begin ] --END-- [ RunTime:0.000617s ]
INFO: [ action_begin ] --START--
INFO: Run \Common\Behaviors\CheckPermissionBehavior [ RunTime:0.000609s ]
INFO: [ action_begin ] --END-- [ RunTime:0.000667s ]
INFO: [ view_parse ] --START--
INFO: [ template_filter ] --START--
INFO: Run Behavior\ContentReplaceBehavior [ RunTime:0.000057s ]
INFO: [ template_filter ] --END-- [ RunTime:0.000109s ]
INFO: Run Behavior\ParseTemplateBehavior [ RunTime:0.022156s ]
INFO: [ view_parse ] --END-- [ RunTime:0.022208s ]
INFO: [ view_filter ] --START--
INFO: Run Behavior\WriteHtmlCacheBehavior [ RunTime:0.000310s ]
INFO: [ view_filter ] --END-- [ RunTime:0.000358s ]
INFO: [ app_end ] --START--
INFO: Run Behavior\ShowPageTraceBehavior [ RunTime:0.000663s ]
INFO: [ app_end ] --END-- [ RunTime:0.000706s ]

[ 2016-11-17T14:02:43+08:00 ] 127.0.0.1 /Captcha/show.html
INFO: [ app_init ] --START--
INFO: Run Behavior\BuildLiteBehavior [ RunTime:0.000017s ]
INFO: [ app_init ] --END-- [ RunTime:0.000379s ]
INFO: [ app_begin ] --START--
INFO: Run Behavior\ReadHtmlCacheBehavior [ RunTime:0.000577s ]
INFO: [ app_begin ] --END-- [ RunTime:0.000634s ]
NOTIC: [2048] Declaration of Admin\Controller\CaptchaController::show() should be compatible with Think\Controller::show($content, $charset = '', $contentType = '', $prefix = '') C:\www\admin.shop.com\Application\Admin\Controller\CaptchaController.class.php 第 32 行.
INFO: [ action_begin ] --START--
INFO: Run \Common\Behaviors\CheckPermissionBehavior [ RunTime:0.001092s ]
INFO: [ action_begin ] --END-- [ RunTime:0.001180s ]
INFO: [ app_end ] --START--
INFO: Run Behavior\ShowPageTraceBehavior [ RunTime:0.000817s ]
INFO: [ app_end ] --END-- [ RunTime:0.000878s ]

[ 2016-11-17T14:02:43+08:00 ] 127.0.0.1 /favicon.ico
INFO: [ app_init ] --START--
INFO: Run Behavior\BuildLiteBehavior [ RunTime:0.000025s ]
INFO: [ app_init ] --END-- [ RunTime:0.000538s ]

[ 2016-11-17T14:02:51+08:00 ] 127.0.0.1 /user/reg
INFO: [ app_init ] --START--
INFO: Run Behavior\BuildLiteBehavior [ RunTime:0.000014s ]
INFO: [ app_init ] --END-- [ RunTime:0.000395s ]
INFO: [ app_begin ] --START--
INFO: Run Behavior\ReadHtmlCacheBehavior [ RunTime:0.000504s ]
INFO: [ app_begin ] --END-- [ RunTime:0.000550s ]
ERR: 无法加载控制器:User

[ 2016-11-17T14:02:58+08:00 ] 127.0.0.1 /User/reg
INFO: [ app_init ] --START--
INFO: Run Behavior\BuildLiteBehavior [ RunTime:0.000021s ]
INFO: [ app_init ] --END-- [ RunTime:0.000543s ]
INFO: [ app_begin ] --START--
INFO: Run Behavior\ReadHtmlCacheBehavior [ RunTime:0.000841s ]
INFO: [ app_begin ] --END-- [ RunTime:0.000918s ]
ERR: 无法加载控制器:User

[ 2016-11-17T15:07:29+08:00 ] 127.0.0.1 /admin/l
INFO: [ app_init ] --START--
INFO: Run Behavior\BuildLiteBehavior [ RunTime:0.000014s ]
INFO: [ app_init ] --END-- [ RunTime:0.000390s ]
INFO: [ app_begin ] --START--
INFO: Run Behavior\ReadHtmlCacheBehavior [ RunTime:0.000514s ]
INFO: [ app_begin ] --END-- [ RunTime:0.000558s ]
INFO: [ action_begin ] --START--
SQL: SHOW COLUMNS FROM `shop_admin` [ RunTime:0.0215s ]
SQL: SELECT * FROM `shop_admin` WHERE `id` = 4 AND `token` = 'bVqbKvBNTQIOJgOwMyliMAozQwEvPGSj' LIMIT 1   [ RunTime:0.0027s ]

[ 2016-11-17T15:07:29+08:00 ] 127.0.0.1 /Admin/login.html
INFO: [ app_init ] --START--
INFO: Run Behavior\BuildLiteBehavior [ RunTime:0.000021s ]
INFO: [ app_init ] --END-- [ RunTime:0.000527s ]
INFO: [ app_begin ] --START--
INFO: Run Behavior\ReadHtmlCacheBehavior [ RunTime:0.000527s ]
INFO: [ app_begin ] --END-- [ RunTime:0.000579s ]
INFO: [ action_begin ] --START--
INFO: Run \Common\Behaviors\CheckPermissionBehavior [ RunTime:0.000583s ]
INFO: [ action_begin ] --END-- [ RunTime:0.000641s ]
INFO: [ view_parse ] --START--
INFO: [ template_filter ] --START--
INFO: Run Behavior\ContentReplaceBehavior [ RunTime:0.000061s ]
INFO: [ template_filter ] --END-- [ RunTime:0.000107s ]
INFO: Run Behavior\ParseTemplateBehavior [ RunTime:0.006640s ]
INFO: [ view_parse ] --END-- [ RunTime:0.006695s ]
INFO: [ view_filter ] --START--
INFO: Run Behavior\WriteHtmlCacheBehavior [ RunTime:0.000304s ]
INFO: [ view_filter ] --END-- [ RunTime:0.000340s ]
INFO: [ app_end ] --START--
INFO: Run Behavior\ShowPageTraceBehavior [ RunTime:0.000512s ]
INFO: [ app_end ] --END-- [ RunTime:0.000549s ]

[ 2016-11-17T15:07:29+08:00 ] 127.0.0.1 /Captcha/show.html
INFO: [ app_init ] --START--
INFO: Run Behavior\BuildLiteBehavior [ RunTime:0.000014s ]
INFO: [ app_init ] --END-- [ RunTime:0.000358s ]
INFO: [ app_begin ] --START--
INFO: Run Behavior\ReadHtmlCacheBehavior [ RunTime:0.000565s ]
INFO: [ app_begin ] --END-- [ RunTime:0.000619s ]
NOTIC: [2048] Declaration of Admin\Controller\CaptchaController::show() should be compatible with Think\Controller::show($content, $charset = '', $contentType = '', $prefix = '') C:\www\admin.shop.com\Application\Admin\Controller\CaptchaController.class.php 第 32 行.
INFO: [ action_begin ] --START--
INFO: Run \Common\Behaviors\CheckPermissionBehavior [ RunTime:0.000959s ]
INFO: [ action_begin ] --END-- [ RunTime:0.001035s ]
INFO: [ app_end ] --START--
INFO: Run Behavior\ShowPageTraceBehavior [ RunTime:0.001037s ]
INFO: [ app_end ] --END-- [ RunTime:0.001132s ]

[ 2016-11-17T15:07:31+08:00 ] 127.0.0.1 /Captcha/show.html?key=0.9159796752210689
INFO: [ app_init ] --START--
INFO: Run Behavior\BuildLiteBehavior [ RunTime:0.000022s ]
INFO: [ app_init ] --END-- [ RunTime:0.000587s ]
INFO: [ app_begin ] --START--
INFO: Run Behavior\ReadHtmlCacheBehavior [ RunTime:0.000878s ]
INFO: [ app_begin ] --END-- [ RunTime:0.000957s ]
NOTIC: [2048] Declaration of Admin\Controller\CaptchaController::show() should be compatible with Think\Controller::show($content, $charset = '', $contentType = '', $prefix = '') C:\www\admin.shop.com\Application\Admin\Controller\CaptchaController.class.php 第 32 行.
INFO: [ action_begin ] --START--
INFO: Run \Common\Behaviors\CheckPermissionBehavior [ RunTime:0.000988s ]
INFO: [ action_begin ] --END-- [ RunTime:0.001079s ]
INFO: [ app_end ] --START--
INFO: Run Behavior\ShowPageTraceBehavior [ RunTime:0.000744s ]
INFO: [ app_end ] --END-- [ RunTime:0.000819s ]

[ 2016-11-17T15:07:31+08:00 ] 127.0.0.1 /Captcha/show.html?key=0.9702048917198354
INFO: [ app_init ] --START--
INFO: Run Behavior\BuildLiteBehavior [ RunTime:0.000027s ]
INFO: [ app_init ] --END-- [ RunTime:0.000715s ]
INFO: [ app_begin ] --START--
INFO: Run Behavior\ReadHtmlCacheBehavior [ RunTime:0.000842s ]
INFO: [ app_begin ] --END-- [ RunTime:0.000925s ]
NOTIC: [2048] Declaration of Admin\Controller\CaptchaController::show() should be compatible with Think\Controller::show($content, $charset = '', $contentType = '', $prefix = '') C:\www\admin.shop.com\Application\Admin\Controller\CaptchaController.class.php 第 32 行.
INFO: [ action_begin ] --START--
INFO: Run \Common\Behaviors\CheckPermissionBehavior [ RunTime:0.000888s ]
INFO: [ action_begin ] --END-- [ RunTime:0.000960s ]
INFO: [ app_end ] --START--
INFO: Run Behavior\ShowPageTraceBehavior [ RunTime:0.001195s ]
INFO: [ app_end ] --END-- [ RunTime:0.001287s ]

[ 2016-11-17T15:07:32+08:00 ] 127.0.0.1 /Captcha/show.html?key=0.8615741484490012
INFO: [ app_init ] --START--
INFO: Run Behavior\BuildLiteBehavior [ RunTime:0.000019s ]
INFO: [ app_init ] --END-- [ RunTime:0.000531s ]
INFO: [ app_begin ] --START--
INFO: Run Behavior\ReadHtmlCacheBehavior [ RunTime:0.000847s ]
INFO: [ app_begin ] --END-- [ RunTime:0.000920s ]
NOTIC: [2048] Declaration of Admin\Controller\CaptchaController::show() should be compatible with Think\Controller::show($content, $charset = '', $contentType = '', $prefix = '') C:\www\admin.shop.com\Application\Admin\Controller\CaptchaController.class.php 第 32 行.
INFO: [ action_begin ] --START--
INFO: Run \Common\Behaviors\CheckPermissionBehavior [ RunTime:0.000879s ]
INFO: [ action_begin ] --END-- [ RunTime:0.000952s ]
INFO: [ app_end ] --START--
INFO: Run Behavior\ShowPageTraceBehavior [ RunTime:0.000573s ]
INFO: [ app_end ] --END-- [ RunTime:0.000639s ]

[ 2016-11-17T15:07:32+08:00 ] 127.0.0.1 /Captcha/show.html?key=0.19133427274758974
INFO: [ app_init ] --START--
INFO: Run Behavior\BuildLiteBehavior [ RunTime:0.000021s ]
INFO: [ app_init ] --END-- [ RunTime:0.000533s ]
INFO: [ app_begin ] --START--
INFO: Run Behavior\ReadHtmlCacheBehavior [ RunTime:0.000854s ]
INFO: [ app_begin ] --END-- [ RunTime:0.000936s ]
NOTIC: [2048] Declaration of Admin\Controller\CaptchaController::show() should be compatible with Think\Controller::show($content, $charset = '', $contentType = '', $prefix = '') C:\www\admin.shop.com\Application\Admin\Controller\CaptchaController.class.php 第 32 行.
INFO: [ action_begin ] --START--
INFO: Run \Common\Behaviors\CheckPermissionBehavior [ RunTime:0.000881s ]
INFO: [ action_begin ] --END-- [ RunTime:0.000954s ]
INFO: [ app_end ] --START--
INFO: Run Behavior\ShowPageTraceBehavior [ RunTime:0.000936s ]
INFO: [ app_end ] --END-- [ RunTime:0.001017s ]

[ 2016-11-17T15:07:32+08:00 ] 127.0.0.1 /Captcha/show.html?key=0.646042504397472
INFO: [ app_init ] --START--
INFO: Run Behavior\BuildLiteBehavior [ RunTime:0.000020s ]
INFO: [ app_init ] --END-- [ RunTime:0.000532s ]
INFO: [ app_begin ] --START--
INFO: Run Behavior\ReadHtmlCacheBehavior [ RunTime:0.000854s ]
INFO: [ app_begin ] --END-- [ RunTime:0.000927s ]
NOTIC: [2048] Declaration of Admin\Controller\CaptchaController::show() should be compatible with Think\Controller::show($content, $charset = '', $contentType = '', $prefix = '') C:\www\admin.shop.com\Application\Admin\Controller\CaptchaController.class.php 第 32 行.
INFO: [ action_begin ] --START--
INFO: Run \Common\Behaviors\CheckPermissionBehavior [ RunTime:0.000880s ]
INFO: [ action_begin ] --END-- [ RunTime:0.000952s ]
INFO: [ app_end ] --START--
INFO: Run Behavior\ShowPageTraceBehavior [ RunTime:0.000890s ]
INFO: [ app_end ] --END-- [ RunTime:0.000963s ]

[ 2016-11-17T15:07:32+08:00 ] 127.0.0.1 /Captcha/show.html?key=0.5655858659924362
INFO: [ app_init ] --START--
INFO: Run Behavior\BuildLiteBehavior [ RunTime:0.000013s ]
INFO: [ app_init ] --END-- [ RunTime:0.000352s ]
INFO: [ app_begin ] --START--
INFO: Run Behavior\ReadHtmlCacheBehavior [ RunTime:0.000502s ]
INFO: [ app_begin ] --END-- [ RunTime:0.000557s ]
NOTIC: [2048] Declaration of Admin\Controller\CaptchaController::show() should be compatible with Think\Controller::show($content, $charset = '', $contentType = '', $prefix = '') C:\www\admin.shop.com\Application\Admin\Controller\CaptchaController.class.php 第 32 行.
INFO: [ action_begin ] --START--
INFO: Run \Common\Behaviors\CheckPermissionBehavior [ RunTime:0.000986s ]
INFO: [ action_begin ] --END-- [ RunTime:0.001060s ]
INFO: [ app_end ] --START--
INFO: Run Behavior\ShowPageTraceBehavior [ RunTime:0.000541s ]
INFO: [ app_end ] --END-- [ RunTime:0.000589s ]

[ 2016-11-17T15:07:33+08:00 ] 127.0.0.1 /Captcha/show.html?key=0.7206518903767101
INFO: [ app_init ] --START--
INFO: Run Behavior\BuildLiteBehavior [ RunTime:0.000021s ]
INFO: [ app_init ] --END-- [ RunTime:0.000656s ]
INFO: [ app_begin ] --START--
INFO: Run Behavior\ReadHtmlCacheBehavior [ RunTime:0.001035s ]
INFO: [ app_begin ] --END-- [ RunTime:0.001111s ]
NOTIC: [2048] Declaration of Admin\Controller\CaptchaController::show() should be compatible with Think\Controller::show($content, $charset = '', $contentType = '', $prefix = '') C:\www\admin.shop.com\Application\Admin\Controller\CaptchaController.class.php 第 32 行.
INFO: [ action_begin ] --START--
INFO: Run \Common\Behaviors\CheckPermissionBehavior [ RunTime:0.001061s ]
INFO: [ action_begin ] --END-- [ RunTime:0.001137s ]
INFO: [ app_end ] --START--
INFO: Run Behavior\ShowPageTraceBehavior [ RunTime:0.001042s ]
INFO: [ app_end ] --END-- [ RunTime:0.001120s ]

[ 2016-11-17T15:07:33+08:00 ] 127.0.0.1 /Captcha/show.html?key=0.9557848306980679
INFO: [ app_init ] --START--
INFO: Run Behavior\BuildLiteBehavior [ RunTime:0.000013s ]
INFO: [ app_init ] --END-- [ RunTime:0.000353s ]
INFO: [ app_begin ] --START--
INFO: Run Behavior\ReadHtmlCacheBehavior [ RunTime:0.000505s ]
INFO: [ app_begin ] --END-- [ RunTime:0.000560s ]
NOTIC: [2048] Declaration of Admin\Controller\CaptchaController::show() should be compatible with Think\Controller::show($content, $charset = '', $contentType = '', $prefix = '') C:\www\admin.shop.com\Application\Admin\Controller\CaptchaController.class.php 第 32 行.
INFO: [ action_begin ] --START--
INFO: Run \Common\Behaviors\CheckPermissionBehavior [ RunTime:0.000532s ]
INFO: [ action_begin ] --END-- [ RunTime:0.000575s ]
INFO: [ app_end ] --START--
INFO: Run Behavior\ShowPageTraceBehavior [ RunTime:0.000638s ]
INFO: [ app_end ] --END-- [ RunTime:0.000691s ]

[ 2016-11-17T15:07:33+08:00 ] 127.0.0.1 /Captcha/show.html?key=0.9805694494173518
INFO: [ app_init ] --START--
INFO: Run Behavior\BuildLiteBehavior [ RunTime:0.000020s ]
INFO: [ app_init ] --END-- [ RunTime:0.000529s ]
INFO: [ app_begin ] --START--
INFO: Run Behavior\ReadHtmlCacheBehavior [ RunTime:0.000854s ]
INFO: [ app_begin ] --END-- [ RunTime:0.000928s ]
NOTIC: [2048] Declaration of Admin\Controller\CaptchaController::show() should be compatible with Think\Controller::show($content, $charset = '', $contentType = '', $prefix = '') C:\www\admin.shop.com\Application\Admin\Controller\CaptchaController.class.php 第 32 行.
INFO: [ action_begin ] --START--
INFO: Run \Common\Behaviors\CheckPermissionBehavior [ RunTime:0.000800s ]
INFO: [ action_begin ] --END-- [ RunTime:0.000861s ]
INFO: [ app_end ] --START--
INFO: Run Behavior\ShowPageTraceBehavior [ RunTime:0.000579s ]
INFO: [ app_end ] --END-- [ RunTime:0.000631s ]

[ 2016-11-17T15:07:33+08:00 ] 127.0.0.1 /Captcha/show.html?key=0.5901575590512631
INFO: [ app_init ] --START--
INFO: Run Behavior\BuildLiteBehavior [ RunTime:0.000020s ]
INFO: [ app_init ] --END-- [ RunTime:0.000537s ]
INFO: [ app_begin ] --START--
INFO: Run Behavior\ReadHtmlCacheBehavior [ RunTime:0.000838s ]
INFO: [ app_begin ] --END-- [ RunTime:0.000912s ]
NOTIC: [2048] Declaration of Admin\Controller\CaptchaController::show() should be compatible with Think\Controller::show($content, $charset = '', $contentType = '', $prefix = '') C:\www\admin.shop.com\Application\Admin\Controller\CaptchaController.class.php 第 32 行.
INFO: [ action_begin ] --START--
INFO: Run \Common\Behaviors\CheckPermissionBehavior [ RunTime:0.000881s ]
INFO: [ action_begin ] --END-- [ RunTime:0.000952s ]
INFO: [ app_end ] --START--
INFO: Run Behavior\ShowPageTraceBehavior [ RunTime:0.000614s ]
INFO: [ app_end ] --END-- [ RunTime:0.000670s ]

[ 2016-11-17T15:07:34+08:00 ] 127.0.0.1 /Captcha/show.html?key=0.7540276197308784
INFO: [ app_init ] --START--
INFO: Run Behavior\BuildLiteBehavior [ RunTime:0.000013s ]
INFO: [ app_init ] --END-- [ RunTime:0.000325s ]
INFO: [ app_begin ] --START--
INFO: Run Behavior\ReadHtmlCacheBehavior [ RunTime:0.000586s ]
INFO: [ app_begin ] --END-- [ RunTime:0.000636s ]
NOTIC: [2048] Declaration of Admin\Controller\CaptchaController::show() should be compatible with Think\Controller::show($content, $charset = '', $contentType = '', $prefix = '') C:\www\admin.shop.com\Application\Admin\Controller\CaptchaController.class.php 第 32 行.
INFO: [ action_begin ] --START--
INFO: Run \Common\Behaviors\CheckPermissionBehavior [ RunTime:0.000548s ]
INFO: [ action_begin ] --END-- [ RunTime:0.000591s ]
INFO: [ app_end ] --START--
INFO: Run Behavior\ShowPageTraceBehavior [ RunTime:0.000579s ]
INFO: [ app_end ] --END-- [ RunTime:0.000648s ]

[ 2016-11-17T15:07:34+08:00 ] 127.0.0.1 /Captcha/show.html?key=0.22310452883003906
INFO: [ app_init ] --START--
INFO: Run Behavior\BuildLiteBehavior [ RunTime:0.000024s ]
INFO: [ app_init ] --END-- [ RunTime:0.000635s ]
INFO: [ app_begin ] --START--
INFO: Run Behavior\ReadHtmlCacheBehavior [ RunTime:0.000684s ]
INFO: [ app_begin ] --END-- [ RunTime:0.000744s ]
NOTIC: [2048] Declaration of Admin\Controller\CaptchaController::show() should be compatible with Think\Controller::show($content, $charset = '', $contentType = '', $prefix = '') C:\www\admin.shop.com\Application\Admin\Controller\CaptchaController.class.php 第 32 行.
INFO: [ action_begin ] --START--
INFO: Run \Common\Behaviors\CheckPermissionBehavior [ RunTime:0.000590s ]
INFO: [ action_begin ] --END-- [ RunTime:0.000634s ]
INFO: [ app_end ] --START--
INFO: Run Behavior\ShowPageTraceBehavior [ RunTime:0.000539s ]
INFO: [ app_end ] --END-- [ RunTime:0.000585s ]

[ 2016-11-17T15:07:34+08:00 ] 127.0.0.1 /Captcha/show.html?key=0.963082970091663
INFO: [ app_init ] --START--
INFO: Run Behavior\BuildLiteBehavior [ RunTime:0.000014s ]
INFO: [ app_init ] --END-- [ RunTime:0.000356s ]
INFO: [ app_begin ] --START--
INFO: Run Behavior\ReadHtmlCacheBehavior [ RunTime:0.000506s ]
INFO: [ app_begin ] --END-- [ RunTime:0.000549s ]
NOTIC: [2048] Declaration of Admin\Controller\CaptchaController::show() should be compatible with Think\Controller::show($content, $charset = '', $contentType = '', $prefix = '') C:\www\admin.shop.com\Application\Admin\Controller\CaptchaController.class.php 第 32 行.
INFO: [ action_begin ] --START--
INFO: Run \Common\Behaviors\CheckPermissionBehavior [ RunTime:0.000533s ]
INFO: [ action_begin ] --END-- [ RunTime:0.000577s ]
INFO: [ app_end ] --START--
INFO: Run Behavior\ShowPageTraceBehavior [ RunTime:0.000568s ]
INFO: [ app_end ] --END-- [ RunTime:0.000615s ]

[ 2016-11-17T15:16:07+08:00 ] 127.0.0.1 /Home/Captcha/show
INFO: [ app_init ] --START--
INFO: Run Behavior\BuildLiteBehavior [ RunTime:0.000014s ]
INFO: [ app_init ] --END-- [ RunTime:0.000352s ]
INFO: [ app_begin ] --START--
INFO: Run Behavior\ReadHtmlCacheBehavior [ RunTime:0.000605s ]
INFO: [ app_begin ] --END-- [ RunTime:0.000653s ]
ERR: 无法加载控制器:Home

[ 2016-11-17T15:16:07+08:00 ] 127.0.0.1 /Home/Captcha/index.js.map
INFO: [ app_init ] --START--
INFO: Run Behavior\BuildLiteBehavior [ RunTime:0.000012s ]
INFO: [ app_init ] --END-- [ RunTime:0.000324s ]
INFO: [ app_begin ] --START--
INFO: Run Behavior\ReadHtmlCacheBehavior [ RunTime:0.000563s ]
INFO: [ app_begin ] --END-- [ RunTime:0.000612s ]
ERR: 无法加载控制器:Home

[ 2016-11-17T15:16:12+08:00 ] 127.0.0.1 /Captcha/show
INFO: [ app_init ] --START--
INFO: Run Behavior\BuildLiteBehavior [ RunTime:0.000015s ]
INFO: [ app_init ] --END-- [ RunTime:0.000383s ]
INFO: [ app_begin ] --START--
INFO: Run Behavior\ReadHtmlCacheBehavior [ RunTime:0.000508s ]
INFO: [ app_begin ] --END-- [ RunTime:0.000553s ]
NOTIC: [2048] Declaration of Admin\Controller\CaptchaController::show() should be compatible with Think\Controller::show($content, $charset = '', $contentType = '', $prefix = '') C:\www\admin.shop.com\Application\Admin\Controller\CaptchaController.class.php 第 32 行.
INFO: [ action_begin ] --START--
INFO: Run \Common\Behaviors\CheckPermissionBehavior [ RunTime:0.000813s ]
INFO: [ action_begin ] --END-- [ RunTime:0.000855s ]
INFO: [ app_end ] --START--
INFO: Run Behavior\ShowPageTraceBehavior [ RunTime:0.000819s ]
INFO: [ app_end ] --END-- [ RunTime:0.000874s ]

[ 2016-11-17T15:16:12+08:00 ] 127.0.0.1 /Captcha/index.js.map
INFO: [ app_init ] --START--
INFO: Run Behavior\BuildLiteBehavior [ RunTime:0.000014s ]
INFO: [ app_init ] --END-- [ RunTime:0.000385s ]
INFO: [ app_begin ] --START--
INFO: Run Behavior\ReadHtmlCacheBehavior [ RunTime:0.000568s ]
INFO: [ app_begin ] --END-- [ RunTime:0.000620s ]
NOTIC: [2048] Declaration of Admin\Controller\CaptchaController::show() should be compatible with Think\Controller::show($content, $charset = '', $contentType = '', $prefix = '') C:\www\admin.shop.com\Application\Admin\Controller\CaptchaController.class.php 第 32 行.
INFO: [ action_begin ] --START--
SQL: SHOW COLUMNS FROM `shop_admin` [ RunTime:0.0227s ]
SQL: SELECT * FROM `shop_admin` WHERE `id` = 4 AND `token` = 'bVqbKvBNTQIOJgOwMyliMAozQwEvPGSj' LIMIT 1   [ RunTime:0.0003s ]

[ 2016-11-17T15:16:12+08:00 ] 127.0.0.1 /Admin/login.html
INFO: [ app_init ] --START--
INFO: Run Behavior\BuildLiteBehavior [ RunTime:0.000013s ]
INFO: [ app_init ] --END-- [ RunTime:0.000321s ]
INFO: [ app_begin ] --START--
INFO: Run Behavior\ReadHtmlCacheBehavior [ RunTime:0.000506s ]
INFO: [ app_begin ] --END-- [ RunTime:0.000550s ]
INFO: [ action_begin ] --START--
INFO: Run \Common\Behaviors\CheckPermissionBehavior [ RunTime:0.000549s ]
INFO: [ action_begin ] --END-- [ RunTime:0.000597s ]
INFO: [ view_parse ] --START--
INFO: [ template_filter ] --START--
INFO: Run Behavior\ContentReplaceBehavior [ RunTime:0.000063s ]
INFO: [ template_filter ] --END-- [ RunTime:0.000118s ]
INFO: Run Behavior\ParseTemplateBehavior [ RunTime:0.013692s ]
INFO: [ view_parse ] --END-- [ RunTime:0.013747s ]
INFO: [ view_filter ] --START--
INFO: Run Behavior\WriteHtmlCacheBehavior [ RunTime:0.000404s ]
INFO: [ view_filter ] --END-- [ RunTime:0.000444s ]
INFO: [ app_end ] --START--
INFO: Run Behavior\ShowPageTraceBehavior [ RunTime:0.000540s ]
INFO: [ app_end ] --END-- [ RunTime:0.000579s ]

[ 2016-11-17T15:59:07+08:00 ] 127.0.0.1 /Captcha/show
INFO: [ app_init ] --START--
INFO: Run Behavior\BuildLiteBehavior [ RunTime:0.000032s ]
INFO: [ app_init ] --END-- [ RunTime:0.000704s ]
INFO: [ app_begin ] --START--
INFO: Run Behavior\ReadHtmlCacheBehavior [ RunTime:0.000752s ]
INFO: [ app_begin ] --END-- [ RunTime:0.000833s ]
NOTIC: [2048] Declaration of Admin\Controller\CaptchaController::show() should be compatible with Think\Controller::show($content, $charset = '', $contentType = '', $prefix = '') C:\www\admin.shop.com\Application\Admin\Controller\CaptchaController.class.php 第 32 行.
INFO: [ action_begin ] --START--
INFO: Run \Common\Behaviors\CheckPermissionBehavior [ RunTime:0.001107s ]
INFO: [ action_begin ] --END-- [ RunTime:0.001155s ]
INFO: [ app_end ] --START--
INFO: Run Behavior\ShowPageTraceBehavior [ RunTime:0.000544s ]
INFO: [ app_end ] --END-- [ RunTime:0.000588s ]

[ 2016-11-17T15:59:07+08:00 ] 127.0.0.1 /Captcha/index.js.map
INFO: [ app_init ] --START--
INFO: Run Behavior\BuildLiteBehavior [ RunTime:0.000024s ]
INFO: [ app_init ] --END-- [ RunTime:0.000485s ]
INFO: [ app_begin ] --START--
INFO: Run Behavior\ReadHtmlCacheBehavior [ RunTime:0.000557s ]
INFO: [ app_begin ] --END-- [ RunTime:0.000611s ]
NOTIC: [2048] Declaration of Admin\Controller\CaptchaController::show() should be compatible with Think\Controller::show($content, $charset = '', $contentType = '', $prefix = '') C:\www\admin.shop.com\Application\Admin\Controller\CaptchaController.class.php 第 32 行.
INFO: [ action_begin ] --START--
SQL: SHOW COLUMNS FROM `shop_admin` [ RunTime:0.0227s ]
SQL: SELECT * FROM `shop_admin` WHERE `id` = 4 AND `token` = 'bVqbKvBNTQIOJgOwMyliMAozQwEvPGSj' LIMIT 1   [ RunTime:0.0004s ]

[ 2016-11-17T15:59:07+08:00 ] 127.0.0.1 /Admin/login.html
INFO: [ app_init ] --START--
INFO: Run Behavior\BuildLiteBehavior [ RunTime:0.000016s ]
INFO: [ app_init ] --END-- [ RunTime:0.000382s ]
INFO: [ app_begin ] --START--
INFO: Run Behavior\ReadHtmlCacheBehavior [ RunTime:0.000573s ]
INFO: [ app_begin ] --END-- [ RunTime:0.000629s ]
INFO: [ action_begin ] --START--
INFO: Run \Common\Behaviors\CheckPermissionBehavior [ RunTime:0.000615s ]
INFO: [ action_begin ] --END-- [ RunTime:0.000678s ]
INFO: [ view_parse ] --START--
INFO: [ template_filter ] --START--
INFO: Run Behavior\ContentReplaceBehavior [ RunTime:0.000065s ]
INFO: [ template_filter ] --END-- [ RunTime:0.000125s ]
INFO: Run Behavior\ParseTemplateBehavior [ RunTime:0.014718s ]
INFO: [ view_parse ] --END-- [ RunTime:0.014783s ]
INFO: [ view_filter ] --START--
INFO: Run Behavior\WriteHtmlCacheBehavior [ RunTime:0.000401s ]
INFO: [ view_filter ] --END-- [ RunTime:0.000446s ]
INFO: [ app_end ] --START--
INFO: Run Behavior\ShowPageTraceBehavior [ RunTime:0.000592s ]
INFO: [ app_end ] --END-- [ RunTime:0.000633s ]

[ 2016-11-17T15:59:08+08:00 ] 127.0.0.1 /Home/Captcha/show
INFO: [ app_init ] --START--
INFO: Run Behavior\BuildLiteBehavior [ RunTime:0.000022s ]
INFO: [ app_init ] --END-- [ RunTime:0.000545s ]
INFO: [ app_begin ] --START--
INFO: Run Behavior\ReadHtmlCacheBehavior [ RunTime:0.000855s ]
INFO: [ app_begin ] --END-- [ RunTime:0.000932s ]
ERR: 无法加载控制器:Home

[ 2016-11-17T15:59:08+08:00 ] 127.0.0.1 /Home/Captcha/index.js.map
INFO: [ app_init ] --START--
INFO: Run Behavior\BuildLiteBehavior [ RunTime:0.000014s ]
INFO: [ app_init ] --END-- [ RunTime:0.000350s ]
INFO: [ app_begin ] --START--
INFO: Run Behavior\ReadHtmlCacheBehavior [ RunTime:0.000551s ]
INFO: [ app_begin ] --END-- [ RunTime:0.000599s ]
ERR: 无法加载控制器:Home

